0 info it worked if it ends with ok
1 verbose cli [ 'node', '/usr/local/bin/npm', 'install' ]
2 info using npm@2.12.1
3 info using node@v0.12.6
4 verbose node symlink /usr/local/bin/node
5 verbose readDependencies loading dependencies from /Users/zhouchen/Unixstuff/CSC309/a3/toGather/package.json
6 verbose install where, deps [ '/Users/zhouchen/Unixstuff/CSC309/a3/toGather',
6 verbose install   [ 'body-parser',
6 verbose install     'cookie-parser',
6 verbose install     'debug',
6 verbose install     'ejs',
6 verbose install     'express',
6 verbose install     'morgan',
6 verbose install     'serve-favicon',
6 verbose install     'mongodb',
6 verbose install     'express-session',
6 verbose install     'connect-mongo',
6 verbose install     'connect-flash',
6 verbose install     'markdown',
6 verbose install     'multer',
6 verbose install     'googleapis',
6 verbose install     'gridfs-stream',
6 verbose install     'formidable',
6 verbose install     'quickthumb',
6 verbose install     'angularjs-unstable' ] ]
7 verbose install where, peers [ '/Users/zhouchen/Unixstuff/CSC309/a3/toGather', [] ]
8 verbose installManyTop reading for lifecycle /Users/zhouchen/Unixstuff/CSC309/a3/toGather/package.json
9 info preinstall blog@0.0.0
10 verbose installManyTop reading scoped package data from /Users/zhouchen/Unixstuff/CSC309/a3/toGather/node_modules/body-parser/package.json
11 verbose installManyTop reading scoped package data from /Users/zhouchen/Unixstuff/CSC309/a3/toGather/node_modules/connect-flash/package.json
12 verbose installManyTop reading scoped package data from /Users/zhouchen/Unixstuff/CSC309/a3/toGather/node_modules/connect-mongo/package.json
13 verbose installManyTop reading scoped package data from /Users/zhouchen/Unixstuff/CSC309/a3/toGather/node_modules/cookie-parser/package.json
14 verbose installManyTop reading scoped package data from /Users/zhouchen/Unixstuff/CSC309/a3/toGather/node_modules/debug/package.json
15 verbose installManyTop reading scoped package data from /Users/zhouchen/Unixstuff/CSC309/a3/toGather/node_modules/ejs/package.json
16 verbose installManyTop reading scoped package data from /Users/zhouchen/Unixstuff/CSC309/a3/toGather/node_modules/express/package.json
17 verbose installManyTop reading scoped package data from /Users/zhouchen/Unixstuff/CSC309/a3/toGather/node_modules/express-session/package.json
18 verbose installManyTop reading scoped package data from /Users/zhouchen/Unixstuff/CSC309/a3/toGather/node_modules/formidable/package.json
19 verbose installManyTop reading scoped package data from /Users/zhouchen/Unixstuff/CSC309/a3/toGather/node_modules/googleapis/package.json
20 verbose installManyTop reading scoped package data from /Users/zhouchen/Unixstuff/CSC309/a3/toGather/node_modules/gridfs-stream/package.json
21 verbose installManyTop reading scoped package data from /Users/zhouchen/Unixstuff/CSC309/a3/toGather/node_modules/markdown/package.json
22 verbose installManyTop reading scoped package data from /Users/zhouchen/Unixstuff/CSC309/a3/toGather/node_modules/mongodb/package.json
23 verbose installManyTop reading scoped package data from /Users/zhouchen/Unixstuff/CSC309/a3/toGather/node_modules/morgan/package.json
24 verbose installManyTop reading scoped package data from /Users/zhouchen/Unixstuff/CSC309/a3/toGather/node_modules/multer/package.json
25 verbose installManyTop reading scoped package data from /Users/zhouchen/Unixstuff/CSC309/a3/toGather/node_modules/quickthumb/package.json
26 verbose installManyTop reading scoped package data from /Users/zhouchen/Unixstuff/CSC309/a3/toGather/node_modules/serve-favicon/package.json
27 info package.json connect-flash@0.1.1 No license field.
28 info package.json connect-mongo@0.4.1 No license field.
29 info package.json markdown@0.5.0 No license field.
30 info package.json quickthumb@0.0.11 No license field.
31 info package.json gridfs-stream@1.1.1 No license field.
32 info package.json mongodb@1.4.15 No license field.
33 info package.json formidable@1.0.17 No license field.
34 verbose readDependencies loading dependencies from /Users/zhouchen/Unixstuff/CSC309/a3/toGather/package.json
35 verbose targetResolver reading package data from /Users/zhouchen/Unixstuff/CSC309/a3/toGather/node_modules/body-parser/package.json
36 verbose targetResolver reading package data from /Users/zhouchen/Unixstuff/CSC309/a3/toGather/node_modules/connect-flash/package.json
37 verbose targetResolver reading package data from /Users/zhouchen/Unixstuff/CSC309/a3/toGather/node_modules/connect-mongo/package.json
38 verbose targetResolver reading package data from /Users/zhouchen/Unixstuff/CSC309/a3/toGather/node_modules/cookie-parser/package.json
39 verbose targetResolver reading package data from /Users/zhouchen/Unixstuff/CSC309/a3/toGather/node_modules/debug/package.json
40 verbose targetResolver reading package data from /Users/zhouchen/Unixstuff/CSC309/a3/toGather/node_modules/ejs/package.json
41 verbose targetResolver reading package data from /Users/zhouchen/Unixstuff/CSC309/a3/toGather/node_modules/express/package.json
42 verbose targetResolver reading package data from /Users/zhouchen/Unixstuff/CSC309/a3/toGather/node_modules/express-session/package.json
43 verbose targetResolver reading package data from /Users/zhouchen/Unixstuff/CSC309/a3/toGather/node_modules/formidable/package.json
44 verbose targetResolver reading package data from /Users/zhouchen/Unixstuff/CSC309/a3/toGather/node_modules/googleapis/package.json
45 verbose targetResolver reading package data from /Users/zhouchen/Unixstuff/CSC309/a3/toGather/node_modules/gridfs-stream/package.json
46 verbose targetResolver reading package data from /Users/zhouchen/Unixstuff/CSC309/a3/toGather/node_modules/markdown/package.json
47 verbose targetResolver reading package data from /Users/zhouchen/Unixstuff/CSC309/a3/toGather/node_modules/mongodb/package.json
48 verbose targetResolver reading package data from /Users/zhouchen/Unixstuff/CSC309/a3/toGather/node_modules/morgan/package.json
49 verbose targetResolver reading package data from /Users/zhouchen/Unixstuff/CSC309/a3/toGather/node_modules/multer/package.json
50 verbose targetResolver reading package data from /Users/zhouchen/Unixstuff/CSC309/a3/toGather/node_modules/quickthumb/package.json
51 verbose targetResolver reading package data from /Users/zhouchen/Unixstuff/CSC309/a3/toGather/node_modules/serve-favicon/package.json
52 verbose targetResolver reading package data from /Users/zhouchen/Unixstuff/CSC309/a3/toGather/node_modules/.bin/md2html/package.json
53 verbose already installed skipping serve-favicon@~2.3.0 /Users/zhouchen/Unixstuff/CSC309/a3/toGather
54 verbose already installed skipping mongodb@1.4.15 /Users/zhouchen/Unixstuff/CSC309/a3/toGather
55 verbose already installed skipping express-session@1.9.1 /Users/zhouchen/Unixstuff/CSC309/a3/toGather
56 verbose already installed skipping connect-mongo@0.4.1 /Users/zhouchen/Unixstuff/CSC309/a3/toGather
57 verbose already installed skipping connect-flash@0.1.1 /Users/zhouchen/Unixstuff/CSC309/a3/toGather
58 verbose already installed skipping markdown@0.5.0 /Users/zhouchen/Unixstuff/CSC309/a3/toGather
59 verbose already installed skipping multer@0.1.6 /Users/zhouchen/Unixstuff/CSC309/a3/toGather
60 verbose already installed skipping googleapis@* /Users/zhouchen/Unixstuff/CSC309/a3/toGather
61 verbose already installed skipping gridfs-stream@* /Users/zhouchen/Unixstuff/CSC309/a3/toGather
62 verbose already installed skipping formidable@* /Users/zhouchen/Unixstuff/CSC309/a3/toGather
63 verbose already installed skipping quickthumb@* /Users/zhouchen/Unixstuff/CSC309/a3/toGather
64 silly cache add args [ 'angularjs-unstable@~1.1.4', null ]
65 verbose cache add spec angularjs-unstable@~1.1.4
66 silly cache add parsed spec { raw: 'angularjs-unstable@~1.1.4',
66 silly cache add   scope: null,
66 silly cache add   name: 'angularjs-unstable',
66 silly cache add   rawSpec: '~1.1.4',
66 silly cache add   spec: '>=1.1.4 <1.2.0',
66 silly cache add   type: 'range' }
67 silly addNamed angularjs-unstable@>=1.1.4 <1.2.0
68 verbose addNamed ">=1.1.4 <1.2.0" is a valid semver range for angularjs-unstable
69 silly addNameRange { name: 'angularjs-unstable',
69 silly addNameRange   range: '>=1.1.4 <1.2.0',
69 silly addNameRange   hasData: false }
70 silly mapToRegistry name angularjs-unstable
71 silly mapToRegistry using default registry
72 silly mapToRegistry registry https://registry.npmjs.org/
73 silly mapToRegistry uri https://registry.npmjs.org/angularjs-unstable
74 verbose addNameRange registry:https://registry.npmjs.org/angularjs-unstable not in flight; fetching
75 verbose already installed skipping body-parser@~1.13.1 /Users/zhouchen/Unixstuff/CSC309/a3/toGather
76 verbose already installed skipping cookie-parser@~1.3.5 /Users/zhouchen/Unixstuff/CSC309/a3/toGather
77 verbose already installed skipping debug@~2.2.0 /Users/zhouchen/Unixstuff/CSC309/a3/toGather
78 verbose already installed skipping ejs@~2.3.2 /Users/zhouchen/Unixstuff/CSC309/a3/toGather
79 verbose request uri https://registry.npmjs.org/angularjs-unstable
80 verbose request no auth needed
81 info attempt registry request try #1 at 16:35:03
82 verbose request id 7c10a0b94933244e
83 http request GET https://registry.npmjs.org/angularjs-unstable
84 verbose already installed skipping express@~4.13.0 /Users/zhouchen/Unixstuff/CSC309/a3/toGather
85 verbose already installed skipping morgan@~1.6.1 /Users/zhouchen/Unixstuff/CSC309/a3/toGather
86 http 404 https://registry.npmjs.org/angularjs-unstable
87 verbose headers { server: 'CouchDB/1.5.0 (Erlang OTP/R16B03)',
87 verbose headers   'content-type': 'application/json',
87 verbose headers   'cache-control': 'max-age=0',
87 verbose headers   'content-length': '51',
87 verbose headers   'accept-ranges': 'bytes',
87 verbose headers   date: 'Sat, 25 Jul 2015 20:35:04 GMT',
87 verbose headers   via: '1.1 varnish',
87 verbose headers   age: '0',
87 verbose headers   connection: 'keep-alive',
87 verbose headers   'x-served-by': 'cache-jfk1024-JFK',
87 verbose headers   'x-cache': 'MISS',
87 verbose headers   'x-cache-hits': '0',
87 verbose headers   'x-timer': 'S1437856504.085833,VS0,VE82' }
88 silly get cb [ 404,
88 silly get   { server: 'CouchDB/1.5.0 (Erlang OTP/R16B03)',
88 silly get     'content-type': 'application/json',
88 silly get     'cache-control': 'max-age=0',
88 silly get     'content-length': '51',
88 silly get     'accept-ranges': 'bytes',
88 silly get     date: 'Sat, 25 Jul 2015 20:35:04 GMT',
88 silly get     via: '1.1 varnish',
88 silly get     age: '0',
88 silly get     connection: 'keep-alive',
88 silly get     'x-served-by': 'cache-jfk1024-JFK',
88 silly get     'x-cache': 'MISS',
88 silly get     'x-cache-hits': '0',
88 silly get     'x-timer': 'S1437856504.085833,VS0,VE82' } ]
89 verbose stack Error: 404 Not Found: angularjs-unstable
89 verbose stack     at CachingRegistryClient.<anonymous> (/usr/local/lib/node_modules/npm/node_modules/npm-registry-client/lib/request.js:245:14)
89 verbose stack     at Request._callback (/usr/local/lib/node_modules/npm/node_modules/npm-registry-client/lib/request.js:170:14)
89 verbose stack     at Request.self.callback (/usr/local/lib/node_modules/npm/node_modules/request/request.js:197:22)
89 verbose stack     at Request.emit (events.js:110:17)
89 verbose stack     at Request.<anonymous> (/usr/local/lib/node_modules/npm/node_modules/request/request.js:1050:14)
89 verbose stack     at Request.emit (events.js:129:20)
89 verbose stack     at IncomingMessage.<anonymous> (/usr/local/lib/node_modules/npm/node_modules/request/request.js:996:12)
89 verbose stack     at IncomingMessage.emit (events.js:129:20)
89 verbose stack     at _stream_readable.js:908:16
89 verbose stack     at process._tickCallback (node.js:355:11)
90 verbose statusCode 404
91 verbose pkgid angularjs-unstable
92 verbose cwd /Users/zhouchen/Unixstuff/CSC309/a3/toGather
93 error Darwin 14.0.0
94 error argv "node" "/usr/local/bin/npm" "install"
95 error node v0.12.6
96 error npm  v2.12.1
97 error code E404
98 error 404 Not Found: angularjs-unstable
98 error 404
98 error 404 'angularjs-unstable' is not in the npm registry.
98 error 404 You should bug the author to publish it (or use the name yourself!)
98 error 404 It was specified as a dependency of 'blog'
98 error 404
98 error 404 Note that you can also install from a
98 error 404 tarball, folder, http url, or git url.
99 verbose exit [ 1, true ]
